[INFO] Scanning for projects...
[INFO] 
[INFO] -------------------------< com.mwm:bioplanta >--------------------------
[INFO] Building bioplanta 0.0.1-SNAPSHOT
[INFO]   from pom.xml
[INFO] --------------------------------[ jar ]---------------------------------
[INFO] 
[INFO] >>> spring-boot:3.5.6:run (default-cli) > test-compile @ bioplanta >>>
[INFO] 
[INFO] --- resources:3.3.1:resources (default-resources) @ bioplanta ---
[INFO] Copying 2 resources from src\main\resources to target\classes
[INFO] Copying 2 resources from src\main\resources to target\classes
[INFO] 
[INFO] --- compiler:3.14.0:compile (default-compile) @ bioplanta ---
[INFO] Recompiling the module because of changed source code.
[INFO] Compiling 85 source files with javac [debug parameters release 17] to target\classes
[INFO] 
[INFO] --- resources:3.3.1:testResources (default-testResources) @ bioplanta ---
[INFO] skip non existing resourceDirectory D:\projKinix\MWM_BIOPLANTAS_BACKEND\src\test\resources
[INFO] 
[INFO] --- compiler:3.14.0:testCompile (default-testCompile) @ bioplanta ---
[INFO] Recompiling the module because of changed dependency.
[INFO] Compiling 1 source file with javac [debug parameters release 17] to target\test-classes
[INFO] 
[INFO] <<< spring-boot:3.5.6:run (default-cli) < test-compile @ bioplanta <<<
[INFO] 
[INFO] 
[INFO] --- spring-boot:3.5.6:run (default-cli) @ bioplanta ---
[INFO] Attaching agents: []

  .   ____          _            __ _ _
 /\\ / ___'_ __ _ _(_)_ __  __ _ \ \ \ \
( ( )\___ | '_ | '_| | '_ \/ _` | \ \ \ \
 \\/  ___)| |_)| | | | | || (_| |  ) ) ) )
  '  |____| .__|_| |_|_| |_\__, | / / / /
 =========|_|==============|___/=/_/_/_/

 :: Spring Boot ::                (v3.5.6)

2026-02-08T00:37:30.357-03:00  INFO 35848 --- [bioplanta] [  restartedMain] com.mwm.bioplanta.BioplantaApplication   : Starting BioplantaApplication using Java 17.0.17 with PID 35848 (D:\projKinix\MWM_BIOPLANTAS_BACKEND\target\classes started by amarc in D:\projKinix\MWM_BIOPLANTAS_BACKEND)
2026-02-08T00:37:30.362-03:00  INFO 35848 --- [bioplanta] [  restartedMain] com.mwm.bioplanta.BioplantaApplication   : No active profile set, falling back to 1 default profile: "default"
2026-02-08T00:37:30.533-03:00  INFO 35848 --- [bioplanta] [  restartedMain] .e.DevToolsPropertyDefaultsPostProcessor : Devtools property defaults active! Set 'spring.devtools.add-properties' to 'false' to disable
2026-02-08T00:37:30.533-03:00  INFO 35848 --- [bioplanta] [  restartedMain] .e.DevToolsPropertyDefaultsPostProcessor : For additional web related logging consider setting the 'logging.level.web' property to 'DEBUG'
2026-02-08T00:37:38.584-03:00  INFO 35848 --- [bioplanta] [  restartedMain] .s.d.r.c.RepositoryConfigurationDelegate : Bootstrapping Spring Data JPA repositories in DEFAULT mode.
2026-02-08T00:37:39.219-03:00  INFO 35848 --- [bioplanta] [  restartedMain] .s.d.r.c.RepositoryConfigurationDelegate : Finished Spring Data repository scanning in 526 ms. Found 20 JPA repository interfaces.
2026-02-08T00:37:45.714-03:00  INFO 35848 --- [bioplanta] [  restartedMain] o.s.b.w.embedded.tomcat.TomcatWebServer  : Tomcat initialized with port 8080 (http)
2026-02-08T00:37:45.873-03:00  INFO 35848 --- [bioplanta] [  restartedMain] o.apache.catalina.core.StandardService   : Starting service [Tomcat]
2026-02-08T00:37:45.875-03:00  INFO 35848 --- [bioplanta] [  restartedMain] o.apache.catalina.core.StandardEngine    : Starting Servlet engine: [Apache Tomcat/10.1.46]
2026-02-08T00:37:46.230-03:00  INFO 35848 --- [bioplanta] [  restartedMain] o.a.c.c.C.[Tomcat].[localhost].[/]       : Initializing Spring embedded WebApplicationContext
2026-02-08T00:37:46.245-03:00  INFO 35848 --- [bioplanta] [  restartedMain] w.s.c.ServletWebServerApplicationContext : Root WebApplicationContext: initialization completed in 15707 ms
2026-02-08T00:37:56.131-03:00  INFO 35848 --- [bioplanta] [  restartedMain] o.hibernate.jpa.internal.util.LogHelper  : HHH000204: Processing PersistenceUnitInfo [name: default]
2026-02-08T00:37:56.619-03:00  INFO 35848 --- [bioplanta] [  restartedMain] org.hibernate.Version                    : HHH000412: Hibernate ORM core version 6.6.29.Final
2026-02-08T00:37:56.917-03:00  INFO 35848 --- [bioplanta] [  restartedMain] o.h.c.internal.RegionFactoryInitiator    : HHH000026: Second-level cache disabled
2026-02-08T00:38:00.124-03:00  INFO 35848 --- [bioplanta] [  restartedMain] o.s.o.j.p.SpringPersistenceUnitInfo      : No LoadTimeWeaver setup: ignoring JPA class transformer
2026-02-08T00:38:00.683-03:00  INFO 35848 --- [bioplanta] [  restartedMain] com.zaxxer.hikari.HikariDataSource       : HikariPool-1 - Starting...
2026-02-08T00:38:08.370-03:00  INFO 35848 --- [bioplanta] [  restartedMain] com.zaxxer.hikari.pool.HikariPool        : HikariPool-1 - Added connection ConnectionID:1 ClientConnectionId: a1417f71-b9cd-4226-87fd-f06df9becec8
2026-02-08T00:38:08.448-03:00  INFO 35848 --- [bioplanta] [  restartedMain] com.zaxxer.hikari.HikariDataSource       : HikariPool-1 - Start completed.
2026-02-08T00:38:08.917-03:00  WARN 35848 --- [bioplanta] [  restartedMain] org.hibernate.orm.deprecation            : HHH90000025: SQLServerDialect does not need to be specified explicitly using 'hibernate.dialect' (remove the property setting and it will be selected by default)
2026-02-08T00:38:09.294-03:00  INFO 35848 --- [bioplanta] [  restartedMain] org.hibernate.orm.connections.pooling    : HHH10001005: Database info:
	Database JDBC URL [Connecting through datasource 'HikariDataSource (HikariPool-1)']
	Database driver: undefined/unknown
	Database version: 17.0
	Autocommit mode: undefined/unknown
	Isolation level: undefined/unknown
	Minimum pool size: undefined/unknown
	Maximum pool size: undefined/unknown
2026-02-08T00:38:16.301-03:00  INFO 35848 --- [bioplanta] [  restartedMain] o.h.e.t.j.p.i.JtaPlatformInitiator       : HHH000489: No JTA platform available (set 'hibernate.transaction.jta.platform' to enable JTA platform integration)
2026-02-08T00:38:16.325-03:00  INFO 35848 --- [bioplanta] [  restartedMain] j.LocalContainerEntityManagerFactoryBean : Initialized JPA EntityManagerFactory for persistence unit 'default'
2026-02-08T00:38:20.787-03:00  INFO 35848 --- [bioplanta] [  restartedMain] o.s.d.j.r.query.QueryEnhancerFactory     : Hibernate is in classpath; If applicable, HQL parser will be used.
2026-02-08T00:38:35.242-03:00  WARN 35848 --- [bioplanta] [  restartedMain] JpaBaseConfiguration$JpaWebConfiguration : spring.jpa.open-in-view is enabled by default. Therefore, database queries may be performed during view rendering. Explicitly configure spring.jpa.open-in-view to disable this warning
2026-02-08T00:38:44.905-03:00  INFO 35848 --- [bioplanta] [  restartedMain] o.s.b.a.h2.H2ConsoleAutoConfiguration    : H2 console available at '/h2-console'. Database available at 'jdbc:sqlserver://prgsazsqldb.database.windows.net:1433;concatNullYieldsNull=ON;quotedIdentifier=OFF;connectRetryInterval=10;connectRetryCount=1;maxResultBuffer=-1;sendTemporalDataTypesAsStringForBulkCopy=true;delayLoadingLobs=true;useFmtOnly=false;vectorTypeSupport=v1;cacheBulkCopyMetadata=false;bulkCopyForBatchInsertAllowEncryptedValueModifications=false;bulkCopyForBatchInsertTableLock=false;bulkCopyForBatchInsertKeepNulls=false;bulkCopyForBatchInsertKeepIdentity=false;bulkCopyForBatchInsertFireTriggers=false;bulkCopyForBatchInsertCheckConstraints=false;bulkCopyForBatchInsertBatchSize=0;useBulkCopyForBatchInsert=false;cancelQueryTimeout=-1;sslProtocol=TLS;calcBigDecimalPrecision=false;useDefaultJaasConfig=false;jaasConfigurationName=SQLJDBCDriver;statementPoolingCacheSize=0;serverPreparedStatementDiscardThreshold=10;enablePrepareOnFirstPreparedStatementCall=false;fips=false;socketTimeout=0;authentication=NotSpecified;authenticationScheme=nativeAuthentication;xopenStates=false;datetimeParameterType=datetime2;sendTimeAsDatetime=true;replication=false;trustStoreType=JKS;trustServerCertificate=false;TransparentNetworkIPResolution=true;iPAddressPreference=IPv4First;serverNameAsACE=false;sendStringParametersAsUnicode=true;selectMethod=direct;responseBuffering=adaptive;queryTimeout=-1;packetSize=8000;multiSubnetFailover=false;loginTimeout=30;lockTimeout=-1;lastUpdateCount=true;useDefaultGSSCredential=false;hostNameInCertificate=*.database.windows.net;prepareMethod=prepexec;encrypt=true;disableStatementPooling=true;databaseName=bioplanta;columnEncryptionSetting=Disabled;applicationName=Microsoft JDBC Driver for SQL Server;applicationIntent=readwrite;'
2026-02-08T00:38:45.589-03:00  INFO 35848 --- [bioplanta] [  restartedMain] o.s.b.d.a.OptionalLiveReloadServer       : LiveReload server is running on port 35729
2026-02-08T00:38:45.607-03:00  INFO 35848 --- [bioplanta] [  restartedMain] o.s.b.a.e.web.EndpointLinksResolver      : Exposing 1 endpoint beneath base path '/actuator'
2026-02-08T00:38:49.527-03:00  INFO 35848 --- [bioplanta] [  restartedMain] o.s.b.w.embedded.tomcat.TomcatWebServer  : Tomcat started on port 8080 (http) with context path '/'
2026-02-08T00:38:49.637-03:00  INFO 35848 --- [bioplanta] [  restartedMain] com.mwm.bioplanta.BioplantaApplication   : Started BioplantaApplication in 82.259 seconds (process running for 85.456)
2026-02-08T00:39:35.460-03:00  INFO 35848 --- [bioplanta] [   File Watcher] rtingClassPathChangeChangedEventListener : Restarting due to 88 class path changes (0 additions, 86 deletions, 2 modifications)
2026-02-08T00:39:35.466-03:00  INFO 35848 --- [bioplanta] [       Thread-5] o.s.b.w.e.tomcat.GracefulShutdown        : Commencing graceful shutdown. Waiting for active requests to complete
2026-02-08T00:39:35.551-03:00  INFO 35848 --- [bioplanta] [tomcat-shutdown] o.s.b.w.e.tomcat.GracefulShutdown        : Graceful shutdown complete
2026-02-08T00:39:35.569-03:00  INFO 35848 --- [bioplanta] [       Thread-5] j.LocalContainerEntityManagerFactoryBean : Closing JPA EntityManagerFactory for persistence unit 'default'
2026-02-08T00:39:35.573-03:00  INFO 35848 --- [bioplanta] [       Thread-5] com.zaxxer.hikari.HikariDataSource       : HikariPool-1 - Shutdown initiated...
2026-02-08T00:39:35.729-03:00  INFO 35848 --- [bioplanta] [       Thread-5] com.zaxxer.hikari.HikariDataSource       : HikariPool-1 - Shutdown completed.

  .   ____          _            __ _ _
 /\\ / ___'_ __ _ _(_)_ __  __ _ \ \ \ \
( ( )\___ | '_ | '_| | '_ \/ _` | \ \ \ \
 \\/  ___)| |_)| | | | | || (_| |  ) ) ) )
  '  |____| .__|_| |_|_| |_\__, | / / / /
 =========|_|==============|___/=/_/_/_/

 :: Spring Boot ::                (v3.5.6)

2026-02-08T00:39:36.317-03:00  INFO 35848 --- [bioplanta] [  restartedMain] com.mwm.bioplanta.BioplantaApplication   : Starting BioplantaApplication using Java 17.0.17 with PID 35848 (D:\projKinix\MWM_BIOPLANTAS_BACKEND\target\classes started by amarc in D:\projKinix\MWM_BIOPLANTAS_BACKEND)
2026-02-08T00:39:36.317-03:00  INFO 35848 --- [bioplanta] [  restartedMain] com.mwm.bioplanta.BioplantaApplication   : No active profile set, falling back to 1 default profile: "default"
2026-02-08T00:39:36.938-03:00  INFO 35848 --- [bioplanta] [  restartedMain] .s.d.r.c.RepositoryConfigurationDelegate : Bootstrapping Spring Data JPA repositories in DEFAULT mode.
2026-02-08T00:39:36.941-03:00  INFO 35848 --- [bioplanta] [  restartedMain] .s.d.r.c.RepositoryConfigurationDelegate : Finished Spring Data repository scanning in 0 ms. Found 0 JPA repository interfaces.
2026-02-08T00:39:37.143-03:00  INFO 35848 --- [bioplanta] [  restartedMain] o.s.b.w.embedded.tomcat.TomcatWebServer  : Tomcat initialized with port 8080 (http)
2026-02-08T00:39:37.145-03:00  INFO 35848 --- [bioplanta] [  restartedMain] o.apache.catalina.core.StandardService   : Starting service [Tomcat]
2026-02-08T00:39:37.145-03:00  INFO 35848 --- [bioplanta] [  restartedMain] o.apache.catalina.core.StandardEngine    : Starting Servlet engine: [Apache Tomcat/10.1.46]
2026-02-08T00:39:37.189-03:00  INFO 35848 --- [bioplanta] [  restartedMain] o.a.c.c.C.[Tomcat].[localhost].[/]       : Initializing Spring embedded WebApplicationContext
2026-02-08T00:39:37.189-03:00  INFO 35848 --- [bioplanta] [  restartedMain] w.s.c.ServletWebServerApplicationContext : Root WebApplicationContext: initialization completed in 867 ms
2026-02-08T00:39:37.349-03:00  INFO 35848 --- [bioplanta] [  restartedMain] o.hibernate.jpa.internal.util.LogHelper  : HHH000204: Processing PersistenceUnitInfo [name: default]
2026-02-08T00:39:37.352-03:00  INFO 35848 --- [bioplanta] [  restartedMain] o.h.c.internal.RegionFactoryInitiator    : HHH000026: Second-level cache disabled
2026-02-08T00:39:37.386-03:00  INFO 35848 --- [bioplanta] [  restartedMain] o.s.o.j.p.SpringPersistenceUnitInfo      : No LoadTimeWeaver setup: ignoring JPA class transformer
2026-02-08T00:39:37.388-03:00  INFO 35848 --- [bioplanta] [  restartedMain] com.zaxxer.hikari.HikariDataSource       : HikariPool-2 - Starting...
2026-02-08T00:39:38.452-03:00  INFO 35848 --- [bioplanta] [  restartedMain] com.zaxxer.hikari.pool.HikariPool        : HikariPool-2 - Added connection ConnectionID:11 ClientConnectionId: 6eea55ff-d1b8-4832-acfd-9010af6025db
2026-02-08T00:39:38.452-03:00  INFO 35848 --- [bioplanta] [  restartedMain] com.zaxxer.hikari.HikariDataSource       : HikariPool-2 - Start completed.
2026-02-08T00:39:38.586-03:00  WARN 35848 --- [bioplanta] [  restartedMain] org.hibernate.orm.deprecation            : HHH90000025: SQLServerDialect does not need to be specified explicitly using 'hibernate.dialect' (remove the property setting and it will be selected by default)
2026-02-08T00:39:38.863-03:00  INFO 35848 --- [bioplanta] [  restartedMain] org.hibernate.orm.connections.pooling    : HHH10001005: Database info:
	Database JDBC URL [Connecting through datasource 'HikariDataSource (HikariPool-2)']
	Database driver: undefined/unknown
	Database version: 17.0
	Autocommit mode: undefined/unknown
	Isolation level: undefined/unknown
	Minimum pool size: undefined/unknown
	Maximum pool size: undefined/unknown
2026-02-08T00:39:38.900-03:00  INFO 35848 --- [bioplanta] [  restartedMain] o.h.e.t.j.p.i.JtaPlatformInitiator       : HHH000489: No JTA platform available (set 'hibernate.transaction.jta.platform' to enable JTA platform integration)
2026-02-08T00:39:38.901-03:00  INFO 35848 --- [bioplanta] [  restartedMain] j.LocalContainerEntityManagerFactoryBean : Initialized JPA EntityManagerFactory for persistence unit 'default'
2026-02-08T00:39:39.061-03:00  WARN 35848 --- [bioplanta] [  restartedMain] JpaBaseConfiguration$JpaWebConfiguration : spring.jpa.open-in-view is enabled by default. Therefore, database queries may be performed during view rendering. Explicitly configure spring.jpa.open-in-view to disable this warning
2026-02-08T00:39:39.591-03:00  INFO 35848 --- [bioplanta] [  restartedMain] o.s.b.a.h2.H2ConsoleAutoConfiguration    : H2 console available at '/h2-console'. Database available at 'jdbc:sqlserver://prgsazsqldb.database.windows.net:1433;concatNullYieldsNull=ON;quotedIdentifier=OFF;connectRetryInterval=10;connectRetryCount=1;maxResultBuffer=-1;sendTemporalDataTypesAsStringForBulkCopy=true;delayLoadingLobs=true;useFmtOnly=false;vectorTypeSupport=v1;cacheBulkCopyMetadata=false;bulkCopyForBatchInsertAllowEncryptedValueModifications=false;bulkCopyForBatchInsertTableLock=false;bulkCopyForBatchInsertKeepNulls=false;bulkCopyForBatchInsertKeepIdentity=false;bulkCopyForBatchInsertFireTriggers=false;bulkCopyForBatchInsertCheckConstraints=false;bulkCopyForBatchInsertBatchSize=0;useBulkCopyForBatchInsert=false;cancelQueryTimeout=-1;sslProtocol=TLS;calcBigDecimalPrecision=false;useDefaultJaasConfig=false;jaasConfigurationName=SQLJDBCDriver;statementPoolingCacheSize=0;serverPreparedStatementDiscardThreshold=10;enablePrepareOnFirstPreparedStatementCall=false;fips=false;socketTimeout=0;authentication=NotSpecified;authenticationScheme=nativeAuthentication;xopenStates=false;datetimeParameterType=datetime2;sendTimeAsDatetime=true;replication=false;trustStoreType=JKS;trustServerCertificate=false;TransparentNetworkIPResolution=true;iPAddressPreference=IPv4First;serverNameAsACE=false;sendStringParametersAsUnicode=true;selectMethod=direct;responseBuffering=adaptive;queryTimeout=-1;packetSize=8000;multiSubnetFailover=false;loginTimeout=30;lockTimeout=-1;lastUpdateCount=true;useDefaultGSSCredential=false;hostNameInCertificate=*.database.windows.net;prepareMethod=prepexec;encrypt=true;disableStatementPooling=true;databaseName=bioplanta;columnEncryptionSetting=Disabled;applicationName=Microsoft JDBC Driver for SQL Server;applicationIntent=readwrite;'
2026-02-08T00:39:39.612-03:00  INFO 35848 --- [bioplanta] [  restartedMain] o.s.b.d.a.OptionalLiveReloadServer       : LiveReload server is running on port 35729
2026-02-08T00:39:39.619-03:00  INFO 35848 --- [bioplanta] [  restartedMain] o.s.b.a.e.web.EndpointLinksResolver      : Exposing 1 endpoint beneath base path '/actuator'
2026-02-08T00:39:39.678-03:00  INFO 35848 --- [bioplanta] [  restartedMain] o.s.b.w.embedded.tomcat.TomcatWebServer  : Tomcat started on port 8080 (http) with context path '/'
2026-02-08T00:39:39.726-03:00  INFO 35848 --- [bioplanta] [  restartedMain] com.mwm.bioplanta.BioplantaApplication   : Started BioplantaApplication in 3.494 seconds (process running for 135.544)
2026-02-08T00:39:39.732-03:00  INFO 35848 --- [bioplanta] [  restartedMain] .ConditionEvaluationDeltaLoggingListener : Condition evaluation unchanged
2026-02-08T00:39:49.622-03:00  INFO 35848 --- [bioplanta] [   File Watcher] rtingClassPathChangeChangedEventListener : Restarting due to 86 class path changes (86 additions, 0 deletions, 0 modifications)
2026-02-08T00:39:49.630-03:00  INFO 35848 --- [bioplanta] [       Thread-7] o.s.b.w.e.tomcat.GracefulShutdown        : Commencing graceful shutdown. Waiting for active requests to complete
2026-02-08T00:39:49.725-03:00  INFO 35848 --- [bioplanta] [tomcat-shutdown] o.s.b.w.e.tomcat.GracefulShutdown        : Graceful shutdown complete
2026-02-08T00:39:49.730-03:00  INFO 35848 --- [bioplanta] [       Thread-7] j.LocalContainerEntityManagerFactoryBean : Closing JPA EntityManagerFactory for persistence unit 'default'
2026-02-08T00:39:49.731-03:00  INFO 35848 --- [bioplanta] [       Thread-7] com.zaxxer.hikari.HikariDataSource       : HikariPool-2 - Shutdown initiated...
2026-02-08T00:39:49.736-03:00  INFO 35848 --- [bioplanta] [       Thread-7] com.zaxxer.hikari.HikariDataSource       : HikariPool-2 - Shutdown completed.

  .   ____          _            __ _ _
 /\\ / ___'_ __ _ _(_)_ __  __ _ \ \ \ \
( ( )\___ | '_ | '_| | '_ \/ _` | \ \ \ \
 \\/  ___)| |_)| | | | | || (_| |  ) ) ) )
  '  |____| .__|_| |_|_| |_\__, | / / / /
 =========|_|==============|___/=/_/_/_/

 :: Spring Boot ::                (v3.5.6)

2026-02-08T00:39:49.914-03:00  INFO 35848 --- [bioplanta] [  restartedMain] com.mwm.bioplanta.BioplantaApplication   : Starting BioplantaApplication using Java 17.0.17 with PID 35848 (D:\projKinix\MWM_BIOPLANTAS_BACKEND\target\classes started by amarc in D:\projKinix\MWM_BIOPLANTAS_BACKEND)
2026-02-08T00:39:49.915-03:00  INFO 35848 --- [bioplanta] [  restartedMain] com.mwm.bioplanta.BioplantaApplication   : No active profile set, falling back to 1 default profile: "default"
2026-02-08T00:39:50.750-03:00  INFO 35848 --- [bioplanta] [  restartedMain] .s.d.r.c.RepositoryConfigurationDelegate : Bootstrapping Spring Data JPA repositories in DEFAULT mode.
2026-02-08T00:39:50.815-03:00  INFO 35848 --- [bioplanta] [  restartedMain] .s.d.r.c.RepositoryConfigurationDelegate : Finished Spring Data repository scanning in 62 ms. Found 20 JPA repository interfaces.
2026-02-08T00:39:51.001-03:00  INFO 35848 --- [bioplanta] [  restartedMain] o.s.b.w.embedded.tomcat.TomcatWebServer  : Tomcat initialized with port 8080 (http)
2026-02-08T00:39:51.002-03:00  INFO 35848 --- [bioplanta] [  restartedMain] o.apache.catalina.core.StandardService   : Starting service [Tomcat]
2026-02-08T00:39:51.002-03:00  INFO 35848 --- [bioplanta] [  restartedMain] o.apache.catalina.core.StandardEngine    : Starting Servlet engine: [Apache Tomcat/10.1.46]
2026-02-08T00:39:51.043-03:00  INFO 35848 --- [bioplanta] [  restartedMain] o.a.c.c.C.[Tomcat].[localhost].[/]       : Initializing Spring embedded WebApplicationContext
2026-02-08T00:39:51.043-03:00  INFO 35848 --- [bioplanta] [  restartedMain] w.s.c.ServletWebServerApplicationContext : Root WebApplicationContext: initialization completed in 1125 ms
2026-02-08T00:39:51.176-03:00  INFO 35848 --- [bioplanta] [  restartedMain] o.hibernate.jpa.internal.util.LogHelper  : HHH000204: Processing PersistenceUnitInfo [name: default]
2026-02-08T00:39:51.182-03:00  INFO 35848 --- [bioplanta] [  restartedMain] o.h.c.internal.RegionFactoryInitiator    : HHH000026: Second-level cache disabled
2026-02-08T00:39:51.214-03:00  INFO 35848 --- [bioplanta] [  restartedMain] o.s.o.j.p.SpringPersistenceUnitInfo      : No LoadTimeWeaver setup: ignoring JPA class transformer
2026-02-08T00:39:51.216-03:00  INFO 35848 --- [bioplanta] [  restartedMain] com.zaxxer.hikari.HikariDataSource       : HikariPool-3 - Starting...
2026-02-08T00:39:52.180-03:00  INFO 35848 --- [bioplanta] [  restartedMain] com.zaxxer.hikari.pool.HikariPool        : HikariPool-3 - Added connection ConnectionID:21 ClientConnectionId: 177ed9f6-a69f-4fa3-8588-7ffb4a8b9382
2026-02-08T00:39:52.180-03:00  INFO 35848 --- [bioplanta] [  restartedMain] com.zaxxer.hikari.HikariDataSource       : HikariPool-3 - Start completed.
2026-02-08T00:39:52.313-03:00  WARN 35848 --- [bioplanta] [  restartedMain] org.hibernate.orm.deprecation            : HHH90000025: SQLServerDialect does not need to be specified explicitly using 'hibernate.dialect' (remove the property setting and it will be selected by default)
2026-02-08T00:39:52.571-03:00  INFO 35848 --- [bioplanta] [  restartedMain] org.hibernate.orm.connections.pooling    : HHH10001005: Database info:
	Database JDBC URL [Connecting through datasource 'HikariDataSource (HikariPool-3)']
	Database driver: undefined/unknown
	Database version: 17.0
	Autocommit mode: undefined/unknown
	Isolation level: undefined/unknown
	Minimum pool size: undefined/unknown
	Maximum pool size: undefined/unknown
2026-02-08T00:39:52.995-03:00  INFO 35848 --- [bioplanta] [  restartedMain] o.h.e.t.j.p.i.JtaPlatformInitiator       : HHH000489: No JTA platform available (set 'hibernate.transaction.jta.platform' to enable JTA platform integration)
2026-02-08T00:39:52.996-03:00  INFO 35848 --- [bioplanta] [  restartedMain] j.LocalContainerEntityManagerFactoryBean : Initialized JPA EntityManagerFactory for persistence unit 'default'
2026-02-08T00:39:53.701-03:00  WARN 35848 --- [bioplanta] [  restartedMain] JpaBaseConfiguration$JpaWebConfiguration : spring.jpa.open-in-view is enabled by default. Therefore, database queries may be performed during view rendering. Explicitly configure spring.jpa.open-in-view to disable this warning
2026-02-08T00:39:54.224-03:00  INFO 35848 --- [bioplanta] [  restartedMain] o.s.b.a.h2.H2ConsoleAutoConfiguration    : H2 console available at '/h2-console'. Database available at 'jdbc:sqlserver://prgsazsqldb.database.windows.net:1433;concatNullYieldsNull=ON;quotedIdentifier=OFF;connectRetryInterval=10;connectRetryCount=1;maxResultBuffer=-1;sendTemporalDataTypesAsStringForBulkCopy=true;delayLoadingLobs=true;useFmtOnly=false;vectorTypeSupport=v1;cacheBulkCopyMetadata=false;bulkCopyForBatchInsertAllowEncryptedValueModifications=false;bulkCopyForBatchInsertTableLock=false;bulkCopyForBatchInsertKeepNulls=false;bulkCopyForBatchInsertKeepIdentity=false;bulkCopyForBatchInsertFireTriggers=false;bulkCopyForBatchInsertCheckConstraints=false;bulkCopyForBatchInsertBatchSize=0;useBulkCopyForBatchInsert=false;cancelQueryTimeout=-1;sslProtocol=TLS;calcBigDecimalPrecision=false;useDefaultJaasConfig=false;jaasConfigurationName=SQLJDBCDriver;statementPoolingCacheSize=0;serverPreparedStatementDiscardThreshold=10;enablePrepareOnFirstPreparedStatementCall=false;fips=false;socketTimeout=0;authentication=NotSpecified;authenticationScheme=nativeAuthentication;xopenStates=false;datetimeParameterType=datetime2;sendTimeAsDatetime=true;replication=false;trustStoreType=JKS;trustServerCertificate=false;TransparentNetworkIPResolution=true;iPAddressPreference=IPv4First;serverNameAsACE=false;sendStringParametersAsUnicode=true;selectMethod=direct;responseBuffering=adaptive;queryTimeout=-1;packetSize=8000;multiSubnetFailover=false;loginTimeout=30;lockTimeout=-1;lastUpdateCount=true;useDefaultGSSCredential=false;hostNameInCertificate=*.database.windows.net;prepareMethod=prepexec;encrypt=true;disableStatementPooling=true;databaseName=bioplanta;columnEncryptionSetting=Disabled;applicationName=Microsoft JDBC Driver for SQL Server;applicationIntent=readwrite;'
2026-02-08T00:39:54.241-03:00  INFO 35848 --- [bioplanta] [  restartedMain] o.s.b.d.a.OptionalLiveReloadServer       : LiveReload server is running on port 35729
2026-02-08T00:39:54.247-03:00  INFO 35848 --- [bioplanta] [  restartedMain] o.s.b.a.e.web.EndpointLinksResolver      : Exposing 1 endpoint beneath base path '/actuator'
2026-02-08T00:39:54.300-03:00  INFO 35848 --- [bioplanta] [  restartedMain] o.s.b.w.embedded.tomcat.TomcatWebServer  : Tomcat started on port 8080 (http) with context path '/'
2026-02-08T00:39:54.330-03:00  INFO 35848 --- [bioplanta] [  restartedMain] com.mwm.bioplanta.BioplantaApplication   : Started BioplantaApplication in 4.48 seconds (process running for 150.149)
2026-02-08T00:39:54.338-03:00  INFO 35848 --- [bioplanta] [  restartedMain] .ConditionEvaluationDeltaLoggingListener : Condition evaluation unchanged
2026-02-08T00:40:05.829-03:00  INFO 35848 --- [bioplanta] [nio-8080-exec-1] o.a.c.c.C.[Tomcat].[localhost].[/]       : Initializing Spring DispatcherServlet 'dispatcherServlet'
2026-02-08T00:40:05.829-03:00  INFO 35848 --- [bioplanta] [nio-8080-exec-1] o.s.web.servlet.DispatcherServlet        : Initializing Servlet 'dispatcherServlet'
2026-02-08T00:40:05.832-03:00  INFO 35848 --- [bioplanta] [nio-8080-exec-1] o.s.web.servlet.DispatcherServlet        : Completed initialization in 2 ms
Hibernate: select count_big(bap1_0.id) from bio_agenda_planejada bap1_0 where bap1_0.id_bioplanta=? and bap1_0.id_filiada=? and bap1_0.data_agendada between ? and ? and bap1_0.qtd_viagens>0
Hibernate: select count_big(bap1_0.id) from bio_agenda_planejada bap1_0 where bap1_0.id_bioplanta=? and bap1_0.id_filiada=? and bap1_0.data_agendada between ? and ? and bap1_0.qtd_viagens>0
Hibernate: select count_big(bap1_0.id) from bio_agenda_planejada bap1_0 where bap1_0.id_bioplanta=? and bap1_0.id_filiada=? and bap1_0.data_agendada between ? and ? and bap1_0.qtd_viagens>0
Hibernate: select count_big(bap1_0.id) from bio_agenda_planejada bap1_0 where bap1_0.id_bioplanta=? and bap1_0.id_filiada=? and bap1_0.data_agendada between ? and ? and bap1_0.qtd_viagens>0
2026-02-08T00:41:43.146-03:00  INFO 35848 --- [bioplanta] [nio-8080-exec-7] o.springdoc.api.AbstractOpenApiResource  : Init duration for springdoc-openapi is: 1579 ms
Iniciando carregarSemana: idBioplanta=1, idFiliada=1
Hibernate: select be1_0.id,be1_0.atualizado_em,be1_0.bio_produtor_id,bp1_0.id,bp1_0.atualizado_em,bp1_0.bio_filiada_id,bp1_0.codigo_produtor,bp1_0.cpf_cnpj,bp1_0.criado_em,bp1_0.data_cadastro,bp1_0.email,bp1_0.nome,bp1_0.status,bp1_0.telefone_principal,bp1_0.telefone_secundario,bp1_0.tipo_pessoa,be1_0.cep,be1_0.codigo_estabelecimento,be1_0.criado_em,be1_0.distancia,be1_0.endereco,be1_0.estado,be1_0.latitude,be1_0.localizacao_link,be1_0.longitude,be1_0.matricula,be1_0.municipio,be1_0.nome_propriedade,be1_0.numero_estabelecimento,be1_0.numero_propriedade,be1_0.responsavel,be1_0.restricoes,be1_0.status from bio_estabelecimento be1_0 join bio_produtor bp1_0 on bp1_0.id=be1_0.bio_produtor_id join bio_filiada bf1_0 on bf1_0.id=bp1_0.bio_filiada_id where ? is null or bf1_0.id=?
Hibernate: select bf1_0.id,bf1_0.ativo,bf1_0.atualizado_em,bf1_0.bio_planta_id,bp1_0.id,bp1_0.atualizado_em,bp1_0.codigo_interno,bp1_0.criado_em,bp1_0.nome,bp1_0.status,bf1_0.cidade,bf1_0.codigo_filiada,bf1_0.criado_em,bf1_0.estado,bf1_0.nome from bio_filiada bf1_0 join bio_planta bp1_0 on bp1_0.id=bf1_0.bio_planta_id where bf1_0.id=?
2026-02-08T00:42:18.263-03:00  INFO 35848 --- [bioplanta] [nio-8080-exec-8] c.m.b.service.AgendaPlanejadaService     : Encontrados 12 estabelecimentos para filiada 1
Hibernate: select bap1_0.id,bap1_0.atualizado_em,bap1_0.criado_em,bap1_0.data_agendada,bap1_0.distancia_km,bap1_0.id_bioplanta,bap1_0.id_estabelecimento,bap1_0.id_filiada,bap1_0.produtor,bap1_0.qtd_viagens,bap1_0.transportadora from bio_agenda_planejada bap1_0 where bap1_0.id_bioplanta=? and bap1_0.id_filiada=? and bap1_0.data_agendada between ? and ?
Iniciando carregarSemana: idBioplanta=1, idFiliada=1
Hibernate: select be1_0.id,be1_0.atualizado_em,be1_0.bio_produtor_id,bp1_0.id,bp1_0.atualizado_em,bp1_0.bio_filiada_id,bp1_0.codigo_produtor,bp1_0.cpf_cnpj,bp1_0.criado_em,bp1_0.data_cadastro,bp1_0.email,bp1_0.nome,bp1_0.status,bp1_0.telefone_principal,bp1_0.telefone_secundario,bp1_0.tipo_pessoa,be1_0.cep,be1_0.codigo_estabelecimento,be1_0.criado_em,be1_0.distancia,be1_0.endereco,be1_0.estado,be1_0.latitude,be1_0.localizacao_link,be1_0.longitude,be1_0.matricula,be1_0.municipio,be1_0.nome_propriedade,be1_0.numero_estabelecimento,be1_0.numero_propriedade,be1_0.responsavel,be1_0.restricoes,be1_0.status from bio_estabelecimento be1_0 join bio_produtor bp1_0 on bp1_0.id=be1_0.bio_produtor_id join bio_filiada bf1_0 on bf1_0.id=bp1_0.bio_filiada_id where ? is null or bf1_0.id=?
Hibernate: select bf1_0.id,bf1_0.ativo,bf1_0.atualizado_em,bf1_0.bio_planta_id,bp1_0.id,bp1_0.atualizado_em,bp1_0.codigo_interno,bp1_0.criado_em,bp1_0.nome,bp1_0.status,bf1_0.cidade,bf1_0.codigo_filiada,bf1_0.criado_em,bf1_0.estado,bf1_0.nome from bio_filiada bf1_0 join bio_planta bp1_0 on bp1_0.id=bf1_0.bio_planta_id where bf1_0.id=?
2026-02-08T00:42:48.246-03:00  INFO 35848 --- [bioplanta] [nio-8080-exec-3] c.m.b.service.AgendaPlanejadaService     : Encontrados 12 estabelecimentos para filiada 1
Hibernate: select bap1_0.id,bap1_0.atualizado_em,bap1_0.criado_em,bap1_0.data_agendada,bap1_0.distancia_km,bap1_0.id_bioplanta,bap1_0.id_estabelecimento,bap1_0.id_filiada,bap1_0.produtor,bap1_0.qtd_viagens,bap1_0.transportadora from bio_agenda_planejada bap1_0 where bap1_0.id_bioplanta=? and bap1_0.id_filiada=? and bap1_0.data_agendada between ? and ?
Hibernate: select count_big(bap1_0.id) from bio_agenda_planejada bap1_0 where bap1_0.id_bioplanta=? and bap1_0.id_filiada=? and bap1_0.data_agendada between ? and ? and bap1_0.qtd_viagens>0
Iniciando carregarSemana: idBioplanta=1, idFiliada=1
Hibernate: select be1_0.id,be1_0.atualizado_em,be1_0.bio_produtor_id,bp1_0.id,bp1_0.atualizado_em,bp1_0.bio_filiada_id,bp1_0.codigo_produtor,bp1_0.cpf_cnpj,bp1_0.criado_em,bp1_0.data_cadastro,bp1_0.email,bp1_0.nome,bp1_0.status,bp1_0.telefone_principal,bp1_0.telefone_secundario,bp1_0.tipo_pessoa,be1_0.cep,be1_0.codigo_estabelecimento,be1_0.criado_em,be1_0.distancia,be1_0.endereco,be1_0.estado,be1_0.latitude,be1_0.localizacao_link,be1_0.longitude,be1_0.matricula,be1_0.municipio,be1_0.nome_propriedade,be1_0.numero_estabelecimento,be1_0.numero_propriedade,be1_0.responsavel,be1_0.restricoes,be1_0.status from bio_estabelecimento be1_0 join bio_produtor bp1_0 on bp1_0.id=be1_0.bio_produtor_id join bio_filiada bf1_0 on bf1_0.id=bp1_0.bio_filiada_id where ? is null or bf1_0.id=?
Hibernate: select bf1_0.id,bf1_0.ativo,bf1_0.atualizado_em,bf1_0.bio_planta_id,bp1_0.id,bp1_0.atualizado_em,bp1_0.codigo_interno,bp1_0.criado_em,bp1_0.nome,bp1_0.status,bf1_0.cidade,bf1_0.codigo_filiada,bf1_0.criado_em,bf1_0.estado,bf1_0.nome from bio_filiada bf1_0 join bio_planta bp1_0 on bp1_0.id=bf1_0.bio_planta_id where bf1_0.id=?
2026-02-08T00:43:01.441-03:00  INFO 35848 --- [bioplanta] [nio-8080-exec-4] c.m.b.service.AgendaPlanejadaService     : Encontrados 12 estabelecimentos para filiada 1
Hibernate: select bap1_0.id,bap1_0.atualizado_em,bap1_0.criado_em,bap1_0.data_agendada,bap1_0.distancia_km,bap1_0.id_bioplanta,bap1_0.id_estabelecimento,bap1_0.id_filiada,bap1_0.produtor,bap1_0.qtd_viagens,bap1_0.transportadora from bio_agenda_planejada bap1_0 where bap1_0.id_bioplanta=? and bap1_0.id_filiada=? and bap1_0.data_agendada between ? and ?
Hibernate: select count_big(bap1_0.id) from bio_agenda_planejada bap1_0 where bap1_0.id_bioplanta=? and bap1_0.id_filiada=? and bap1_0.data_agendada between ? and ? and bap1_0.qtd_viagens>0
Iniciando carregarSemana: idBioplanta=1, idFiliada=1
Hibernate: select be1_0.id,be1_0.atualizado_em,be1_0.bio_produtor_id,bp1_0.id,bp1_0.atualizado_em,bp1_0.bio_filiada_id,bp1_0.codigo_produtor,bp1_0.cpf_cnpj,bp1_0.criado_em,bp1_0.data_cadastro,bp1_0.email,bp1_0.nome,bp1_0.status,bp1_0.telefone_principal,bp1_0.telefone_secundario,bp1_0.tipo_pessoa,be1_0.cep,be1_0.codigo_estabelecimento,be1_0.criado_em,be1_0.distancia,be1_0.endereco,be1_0.estado,be1_0.latitude,be1_0.localizacao_link,be1_0.longitude,be1_0.matricula,be1_0.municipio,be1_0.nome_propriedade,be1_0.numero_estabelecimento,be1_0.numero_propriedade,be1_0.responsavel,be1_0.restricoes,be1_0.status from bio_estabelecimento be1_0 join bio_produtor bp1_0 on bp1_0.id=be1_0.bio_produtor_id join bio_filiada bf1_0 on bf1_0.id=bp1_0.bio_filiada_id where ? is null or bf1_0.id=?
Hibernate: select bf1_0.id,bf1_0.ativo,bf1_0.atualizado_em,bf1_0.bio_planta_id,bp1_0.id,bp1_0.atualizado_em,bp1_0.codigo_interno,bp1_0.criado_em,bp1_0.nome,bp1_0.status,bf1_0.cidade,bf1_0.codigo_filiada,bf1_0.criado_em,bf1_0.estado,bf1_0.nome from bio_filiada bf1_0 join bio_planta bp1_0 on bp1_0.id=bf1_0.bio_planta_id where bf1_0.id=?
2026-02-08T00:43:06.038-03:00  INFO 35848 --- [bioplanta] [nio-8080-exec-7] c.m.b.service.AgendaPlanejadaService     : Encontrados 12 estabelecimentos para filiada 1
Hibernate: select bap1_0.id,bap1_0.atualizado_em,bap1_0.criado_em,bap1_0.data_agendada,bap1_0.distancia_km,bap1_0.id_bioplanta,bap1_0.id_estabelecimento,bap1_0.id_filiada,bap1_0.produtor,bap1_0.qtd_viagens,bap1_0.transportadora from bio_agenda_planejada bap1_0 where bap1_0.id_bioplanta=? and bap1_0.id_filiada=? and bap1_0.data_agendada between ? and ?
Hibernate: select count_big(bap1_0.id) from bio_agenda_planejada bap1_0 where bap1_0.id_bioplanta=? and bap1_0.id_filiada=? and bap1_0.data_agendada between ? and ? and bap1_0.qtd_viagens>0
2026-02-08T00:43:27.703-03:00  WARN 35848 --- [bioplanta] [l-3:housekeeper] com.zaxxer.hikari.pool.PoolBase          : HikariPool-3 - Failed to validate connection ConnectionID:28 ClientConnectionId: f3aa0189-0d3d-4e30-9441-7efc1b468eaa (A conexăo está fechada.). Possibly consider using a shorter maxLifetime value.
2026-02-08T00:43:33.361-03:00  WARN 35848 --- [bioplanta] [l-3:housekeeper] com.zaxxer.hikari.pool.PoolBase          : HikariPool-3 - Failed to validate connection ConnectionID:29 ClientConnectionId: 9703d0c0-b98c-481c-bc16-7cd0cdb7aedd (A conexăo está fechada.). Possibly consider using a shorter maxLifetime value.
